/data/perlman/moochie/analysis/Broken-Arm-Study/proc/BAS001/Functionals/ses1 /data/perlman/moochie/analysis/Broken-Arm-Study/code 
/data/perlman/moochie/analysis/Broken-Arm-Study/proc/BAS001/Functionals/ses1/study1 /data/perlman/moochie/analysis/Broken-Arm-Study/proc/BAS001/Functionals/ses1 
   3 DICOM files found in /data/perlman/moochie/analysis/Broken-Arm-Study//orig_data/BAS001//21_05_16-09_59_18-DST-1_3_12_2_1107_5_2_43_166158//scans//1
/data/perlman/moochie/analysis/Broken-Arm-Study/proc/BAS001/Functionals/ses1 
/data/perlman/moochie/analysis/Broken-Arm-Study/proc/BAS001/Functionals/ses1/study10 /data/perlman/moochie/analysis/Broken-Arm-Study/proc/BAS001/Functionals/ses1 
  92 DICOM files found in /data/perlman/moochie/analysis/Broken-Arm-Study//orig_data/BAS001//21_05_16-09_59_18-DST-1_3_12_2_1107_5_2_43_166158//scans//10
/data/perlman/moochie/analysis/Broken-Arm-Study/proc/BAS001/Functionals/ses1 
/data/perlman/moochie/analysis/Broken-Arm-Study/proc/BAS001/Functionals/ses1/study11 /data/perlman/moochie/analysis/Broken-Arm-Study/proc/BAS001/Functionals/ses1 
  92 DICOM files found in /data/perlman/moochie/analysis/Broken-Arm-Study//orig_data/BAS001//21_05_16-09_59_18-DST-1_3_12_2_1107_5_2_43_166158//scans//11
/data/perlman/moochie/analysis/Broken-Arm-Study/proc/BAS001/Functionals/ses1 
/data/perlman/moochie/analysis/Broken-Arm-Study/proc/BAS001/Functionals/ses1/study12 /data/perlman/moochie/analysis/Broken-Arm-Study/proc/BAS001/Functionals/ses1 
  33 DICOM files found in /data/perlman/moochie/analysis/Broken-Arm-Study//orig_data/BAS001//21_05_16-09_59_18-DST-1_3_12_2_1107_5_2_43_166158//scans//12
/data/perlman/moochie/analysis/Broken-Arm-Study/proc/BAS001/Functionals/ses1 
/data/perlman/moochie/analysis/Broken-Arm-Study/proc/BAS001/Functionals/ses1/study13 /data/perlman/moochie/analysis/Broken-Arm-Study/proc/BAS001/Functionals/ses1 
   3 DICOM files found in /data/perlman/moochie/analysis/Broken-Arm-Study//orig_data/BAS001//21_05_16-09_59_18-DST-1_3_12_2_1107_5_2_43_166158//scans//13
/data/perlman/moochie/analysis/Broken-Arm-Study/proc/BAS001/Functionals/ses1 
/data/perlman/moochie/analysis/Broken-Arm-Study/proc/BAS001/Functionals/ses1/study14 /data/perlman/moochie/analysis/Broken-Arm-Study/proc/BAS001/Functionals/ses1 
   3 DICOM files found in /data/perlman/moochie/analysis/Broken-Arm-Study//orig_data/BAS001//21_05_16-09_59_18-DST-1_3_12_2_1107_5_2_43_166158//scans//14
/data/perlman/moochie/analysis/Broken-Arm-Study/proc/BAS001/Functionals/ses1 
/data/perlman/moochie/analysis/Broken-Arm-Study/proc/BAS001/Functionals/ses1/study15 /data/perlman/moochie/analysis/Broken-Arm-Study/proc/BAS001/Functionals/ses1 
   2 DICOM files found in /data/perlman/moochie/analysis/Broken-Arm-Study//orig_data/BAS001//21_05_16-09_59_18-DST-1_3_12_2_1107_5_2_43_166158//scans//15
/data/perlman/moochie/analysis/Broken-Arm-Study/proc/BAS001/Functionals/ses1 
/data/perlman/moochie/analysis/Broken-Arm-Study/proc/BAS001/Functionals/ses1/study16 /data/perlman/moochie/analysis/Broken-Arm-Study/proc/BAS001/Functionals/ses1 
5115 DICOM files found in /data/perlman/moochie/analysis/Broken-Arm-Study//orig_data/BAS001//21_05_16-09_59_18-DST-1_3_12_2_1107_5_2_43_166158//scans//16
/data/perlman/moochie/analysis/Broken-Arm-Study/proc/BAS001/Functionals/ses1 
/data/perlman/moochie/analysis/Broken-Arm-Study/proc/BAS001/Functionals/ses1/study2 /data/perlman/moochie/analysis/Broken-Arm-Study/proc/BAS001/Functionals/ses1 
 128 DICOM files found in /data/perlman/moochie/analysis/Broken-Arm-Study//orig_data/BAS001//21_05_16-09_59_18-DST-1_3_12_2_1107_5_2_43_166158//scans//2
/data/perlman/moochie/analysis/Broken-Arm-Study/proc/BAS001/Functionals/ses1 
/data/perlman/moochie/analysis/Broken-Arm-Study/proc/BAS001/Functionals/ses1/study3 /data/perlman/moochie/analysis/Broken-Arm-Study/proc/BAS001/Functionals/ses1 
   5 DICOM files found in /data/perlman/moochie/analysis/Broken-Arm-Study//orig_data/BAS001//21_05_16-09_59_18-DST-1_3_12_2_1107_5_2_43_166158//scans//3
/data/perlman/moochie/analysis/Broken-Arm-Study/proc/BAS001/Functionals/ses1 
/data/perlman/moochie/analysis/Broken-Arm-Study/proc/BAS001/Functionals/ses1/study4 /data/perlman/moochie/analysis/Broken-Arm-Study/proc/BAS001/Functionals/ses1 
   3 DICOM files found in /data/perlman/moochie/analysis/Broken-Arm-Study//orig_data/BAS001//21_05_16-09_59_18-DST-1_3_12_2_1107_5_2_43_166158//scans//4
/data/perlman/moochie/analysis/Broken-Arm-Study/proc/BAS001/Functionals/ses1 
/data/perlman/moochie/analysis/Broken-Arm-Study/proc/BAS001/Functionals/ses1/study5 /data/perlman/moochie/analysis/Broken-Arm-Study/proc/BAS001/Functionals/ses1 
   3 DICOM files found in /data/perlman/moochie/analysis/Broken-Arm-Study//orig_data/BAS001//21_05_16-09_59_18-DST-1_3_12_2_1107_5_2_43_166158//scans//5
/data/perlman/moochie/analysis/Broken-Arm-Study/proc/BAS001/Functionals/ses1 
/data/perlman/moochie/analysis/Broken-Arm-Study/proc/BAS001/Functionals/ses1/study6 /data/perlman/moochie/analysis/Broken-Arm-Study/proc/BAS001/Functionals/ses1 
   9 DICOM files found in /data/perlman/moochie/analysis/Broken-Arm-Study//orig_data/BAS001//21_05_16-09_59_18-DST-1_3_12_2_1107_5_2_43_166158//scans//6
/data/perlman/moochie/analysis/Broken-Arm-Study/proc/BAS001/Functionals/ses1 
/data/perlman/moochie/analysis/Broken-Arm-Study/proc/BAS001/Functionals/ses1/study7 /data/perlman/moochie/analysis/Broken-Arm-Study/proc/BAS001/Functionals/ses1 
 208 DICOM files found in /data/perlman/moochie/analysis/Broken-Arm-Study//orig_data/BAS001//21_05_16-09_59_18-DST-1_3_12_2_1107_5_2_43_166158//scans//7
/data/perlman/moochie/analysis/Broken-Arm-Study/proc/BAS001/Functionals/ses1 
/data/perlman/moochie/analysis/Broken-Arm-Study/proc/BAS001/Functionals/ses1/study8 /data/perlman/moochie/analysis/Broken-Arm-Study/proc/BAS001/Functionals/ses1 
   1 DICOM files found in /data/perlman/moochie/analysis/Broken-Arm-Study//orig_data/BAS001//21_05_16-09_59_18-DST-1_3_12_2_1107_5_2_43_166158//scans//8
/data/perlman/moochie/analysis/Broken-Arm-Study/proc/BAS001/Functionals/ses1 
/data/perlman/moochie/analysis/Broken-Arm-Study/proc/BAS001/Functionals/ses1/study9 /data/perlman/moochie/analysis/Broken-Arm-Study/proc/BAS001/Functionals/ses1 
  99 DICOM files found in /data/perlman/moochie/analysis/Broken-Arm-Study//orig_data/BAS001//21_05_16-09_59_18-DST-1_3_12_2_1107_5_2_43_166158//scans//9
/data/perlman/moochie/analysis/Broken-Arm-Study/proc/BAS001/Functionals/ses1 
