/data/perlman/moochie/analysis/Broken-Arm-Study/proc/BAS001/Functionals/ses1 /data/perlman/moochie/analysis/Broken-Arm-Study/code 
/data/perlman/moochie/analysis/Broken-Arm-Study/proc/BAS001/Functionals/ses1/study1 /data/perlman/moochie/analysis/Broken-Arm-Study/proc/BAS001/Functionals/ses1 
   3 DICOM files found in /data/perlman/moochie/analysis/Broken-Arm-Study//orig_data/BAS001//21_05_16-09_59_18-DST-1_3_12_2_1107_5_2_43_166158//scans/1
/data/perlman/moochie/analysis/Broken-Arm-Study/proc/BAS001/Functionals/ses1 
/data/perlman/moochie/analysis/Broken-Arm-Study/proc/BAS001/Functionals/ses1/study10 /data/perlman/moochie/analysis/Broken-Arm-Study/proc/BAS001/Functionals/ses1 
  92 DICOM files found in /data/perlman/moochie/analysis/Broken-Arm-Study//orig_data/BAS001//21_05_16-09_59_18-DST-1_3_12_2_1107_5_2_43_166158//scans/10
/data/perlman/moochie/analysis/Broken-Arm-Study/proc/BAS001/Functionals/ses1 
/data/perlman/moochie/analysis/Broken-Arm-Study/proc/BAS001/Functionals/ses1/study11 /data/perlman/moochie/analysis/Broken-Arm-Study/proc/BAS001/Functionals/ses1 
  92 DICOM files found in /data/perlman/moochie/analysis/Broken-Arm-Study//orig_data/BAS001//21_05_16-09_59_18-DST-1_3_12_2_1107_5_2_43_166158//scans/11
/data/perlman/moochie/analysis/Broken-Arm-Study/proc/BAS001/Functionals/ses1 
/data/perlman/moochie/analysis/Broken-Arm-Study/proc/BAS001/Functionals/ses1/study12 /data/perlman/moochie/analysis/Broken-Arm-Study/proc/BAS001/Functionals/ses1 
  33 DICOM files found in /data/perlman/moochie/analysis/Broken-Arm-Study//orig_data/BAS001//21_05_16-09_59_18-DST-1_3_12_2_1107_5_2_43_166158//scans/12
/data/perlman/moochie/analysis/Broken-Arm-Study/proc/BAS001/Functionals/ses1 
/data/perlman/moochie/analysis/Broken-Arm-Study/proc/BAS001/Functionals/ses1/study13 /data/perlman/moochie/analysis/Broken-Arm-Study/proc/BAS001/Functionals/ses1 
   3 DICOM files found in /data/perlman/moochie/analysis/Broken-Arm-Study//orig_data/BAS001//21_05_16-09_59_18-DST-1_3_12_2_1107_5_2_43_166158//scans/13
/data/perlman/moochie/analysis/Broken-Arm-Study/proc/BAS001/Functionals/ses1 
/data/perlman/moochie/analysis/Broken-Arm-Study/proc/BAS001/Functionals/ses1/study14 /data/perlman/moochie/analysis/Broken-Arm-Study/proc/BAS001/Functionals/ses1 
   3 DICOM files found in /data/perlman/moochie/analysis/Broken-Arm-Study//orig_data/BAS001//21_05_16-09_59_18-DST-1_3_12_2_1107_5_2_43_166158//scans/14
/data/perlman/moochie/analysis/Broken-Arm-Study/proc/BAS001/Functionals/ses1 
/data/perlman/moochie/analysis/Broken-Arm-Study/proc/BAS001/Functionals/ses1/study15 /data/perlman/moochie/analysis/Broken-Arm-Study/proc/BAS001/Functionals/ses1 
   2 DICOM files found in /data/perlman/moochie/analysis/Broken-Arm-Study//orig_data/BAS001//21_05_16-09_59_18-DST-1_3_12_2_1107_5_2_43_166158//scans/15
/data/perlman/moochie/analysis/Broken-Arm-Study/proc/BAS001/Functionals/ses1 
/data/perlman/moochie/analysis/Broken-Arm-Study/proc/BAS001/Functionals/ses1/study16 /data/perlman/moochie/analysis/Broken-Arm-Study/proc/BAS001/Functionals/ses1 
5115 DICOM files found in /data/perlman/moochie/analysis/Broken-Arm-Study//orig_data/BAS001//21_05_16-09_59_18-DST-1_3_12_2_1107_5_2_43_166158//scans/16
/data/perlman/moochie/analysis/Broken-Arm-Study/proc/BAS001/Functionals/ses1 
/data/perlman/moochie/analysis/Broken-Arm-Study/proc/BAS001/Functionals/ses1/study2 /data/perlman/moochie/analysis/Broken-Arm-Study/proc/BAS001/Functionals/ses1 
 128 DICOM files found in /data/perlman/moochie/analysis/Broken-Arm-Study//orig_data/BAS001//21_05_16-09_59_18-DST-1_3_12_2_1107_5_2_43_166158//scans/2
/data/perlman/moochie/analysis/Broken-Arm-Study/proc/BAS001/Functionals/ses1 
/data/perlman/moochie/analysis/Broken-Arm-Study/proc/BAS001/Functionals/ses1/study3 /data/perlman/moochie/analysis/Broken-Arm-Study/proc/BAS001/Functionals/ses1 
   5 DICOM files found in /data/perlman/moochie/analysis/Broken-Arm-Study//orig_data/BAS001//21_05_16-09_59_18-DST-1_3_12_2_1107_5_2_43_166158//scans/3
/data/perlman/moochie/analysis/Broken-Arm-Study/proc/BAS001/Functionals/ses1 
/data/perlman/moochie/analysis/Broken-Arm-Study/proc/BAS001/Functionals/ses1/study4 /data/perlman/moochie/analysis/Broken-Arm-Study/proc/BAS001/Functionals/ses1 
   3 DICOM files found in /data/perlman/moochie/analysis/Broken-Arm-Study//orig_data/BAS001//21_05_16-09_59_18-DST-1_3_12_2_1107_5_2_43_166158//scans/4
/data/perlman/moochie/analysis/Broken-Arm-Study/proc/BAS001/Functionals/ses1 
/data/perlman/moochie/analysis/Broken-Arm-Study/proc/BAS001/Functionals/ses1/study5 /data/perlman/moochie/analysis/Broken-Arm-Study/proc/BAS001/Functionals/ses1 
   3 DICOM files found in /data/perlman/moochie/analysis/Broken-Arm-Study//orig_data/BAS001//21_05_16-09_59_18-DST-1_3_12_2_1107_5_2_43_166158//scans/5
/data/perlman/moochie/analysis/Broken-Arm-Study/proc/BAS001/Functionals/ses1 
/data/perlman/moochie/analysis/Broken-Arm-Study/proc/BAS001/Functionals/ses1/study6 /data/perlman/moochie/analysis/Broken-Arm-Study/proc/BAS001/Functionals/ses1 
   9 DICOM files found in /data/perlman/moochie/analysis/Broken-Arm-Study//orig_data/BAS001//21_05_16-09_59_18-DST-1_3_12_2_1107_5_2_43_166158//scans/6
/data/perlman/moochie/analysis/Broken-Arm-Study/proc/BAS001/Functionals/ses1 
/data/perlman/moochie/analysis/Broken-Arm-Study/proc/BAS001/Functionals/ses1/study7 /data/perlman/moochie/analysis/Broken-Arm-Study/proc/BAS001/Functionals/ses1 
 208 DICOM files found in /data/perlman/moochie/analysis/Broken-Arm-Study//orig_data/BAS001//21_05_16-09_59_18-DST-1_3_12_2_1107_5_2_43_166158//scans/7
/data/perlman/moochie/analysis/Broken-Arm-Study/proc/BAS001/Functionals/ses1 
/data/perlman/moochie/analysis/Broken-Arm-Study/proc/BAS001/Functionals/ses1/study8 /data/perlman/moochie/analysis/Broken-Arm-Study/proc/BAS001/Functionals/ses1 
   1 DICOM files found in /data/perlman/moochie/analysis/Broken-Arm-Study//orig_data/BAS001//21_05_16-09_59_18-DST-1_3_12_2_1107_5_2_43_166158//scans/8
/data/perlman/moochie/analysis/Broken-Arm-Study/proc/BAS001/Functionals/ses1 
/data/perlman/moochie/analysis/Broken-Arm-Study/proc/BAS001/Functionals/ses1/study9 /data/perlman/moochie/analysis/Broken-Arm-Study/proc/BAS001/Functionals/ses1 
  99 DICOM files found in /data/perlman/moochie/analysis/Broken-Arm-Study//orig_data/BAS001//21_05_16-09_59_18-DST-1_3_12_2_1107_5_2_43_166158//scans/9
/data/perlman/moochie/analysis/Broken-Arm-Study/proc/BAS001/Functionals/ses1 
1    fl2d1          Localizer                                             3
2    fl3d1_ns       AAHScout                                            128
3    fl3d1_ns       AAHScout_MPR_sag                                      5
4    fl3d1_ns       AAHScout_MPR_cor                                      3
5    fl3d1_ns       AAHScout_MPR_tra                                      3
6    fl2d1          Localizer_aligned                                     9
7    tfl3d1_16ns    T1MPRAGECor                                         208
8    epse2d1_140    dMRI_dir98_AP_SBRef                                   1
9    ep_b3005#9     dMRI_dir98_AP                                        99
10   epse2d1_140    dMRI_dir98_PA_SBRef                                  92
11   ep_b5#1        dMRI_dir98_PA                                        92
12   tse2d1_15      BNST_CorTSE_TE56ms                                   33
13   epse2d1_68     movie_fmap_1                                          3
14   epse2d1_68     movie_fmap_2                                          3
15   epfid2d3_68    movie_versionB_PA_SBRef                               2
16   epfid2d3_68    movie_versionB_PA                                  5115
/data/perlman/moochie/analysis/Broken-Arm-Study/code 
/data/perlman/moochie/analysis/Broken-Arm-Study/proc/BAS001/Functionals/ses2 /data/perlman/moochie/analysis/Broken-Arm-Study/code 
/data/perlman/moochie/analysis/Broken-Arm-Study/proc/BAS001/Functionals/ses2/study1 /data/perlman/moochie/analysis/Broken-Arm-Study/proc/BAS001/Functionals/ses2 
   3 DICOM files found in /data/perlman/moochie/analysis/Broken-Arm-Study//orig_data/BAS001//21_11_14-08_20_05-STD-1_3_12_2_1107_5_2_43_166158//scans/1
/data/perlman/moochie/analysis/Broken-Arm-Study/proc/BAS001/Functionals/ses2 
/data/perlman/moochie/analysis/Broken-Arm-Study/proc/BAS001/Functionals/ses2/study10 /data/perlman/moochie/analysis/Broken-Arm-Study/proc/BAS001/Functionals/ses2 
   2 DICOM files found in /data/perlman/moochie/analysis/Broken-Arm-Study//orig_data/BAS001//21_11_14-08_20_05-STD-1_3_12_2_1107_5_2_43_166158//scans/10
/data/perlman/moochie/analysis/Broken-Arm-Study/proc/BAS001/Functionals/ses2 
/data/perlman/moochie/analysis/Broken-Arm-Study/proc/BAS001/Functionals/ses2/study11 /data/perlman/moochie/analysis/Broken-Arm-Study/proc/BAS001/Functionals/ses2 
5115 DICOM files found in /data/perlman/moochie/analysis/Broken-Arm-Study//orig_data/BAS001//21_11_14-08_20_05-STD-1_3_12_2_1107_5_2_43_166158//scans/11
/data/perlman/moochie/analysis/Broken-Arm-Study/proc/BAS001/Functionals/ses2 
/data/perlman/moochie/analysis/Broken-Arm-Study/proc/BAS001/Functionals/ses2/study12 /data/perlman/moochie/analysis/Broken-Arm-Study/proc/BAS001/Functionals/ses2 
   3 DICOM files found in /data/perlman/moochie/analysis/Broken-Arm-Study//orig_data/BAS001//21_11_14-08_20_05-STD-1_3_12_2_1107_5_2_43_166158//scans/12
/data/perlman/moochie/analysis/Broken-Arm-Study/proc/BAS001/Functionals/ses2 
/data/perlman/moochie/analysis/Broken-Arm-Study/proc/BAS001/Functionals/ses2/study2 /data/perlman/moochie/analysis/Broken-Arm-Study/proc/BAS001/Functionals/ses2 
 128 DICOM files found in /data/perlman/moochie/analysis/Broken-Arm-Study//orig_data/BAS001//21_11_14-08_20_05-STD-1_3_12_2_1107_5_2_43_166158//scans/2
/data/perlman/moochie/analysis/Broken-Arm-Study/proc/BAS001/Functionals/ses2 
/data/perlman/moochie/analysis/Broken-Arm-Study/proc/BAS001/Functionals/ses2/study3 /data/perlman/moochie/analysis/Broken-Arm-Study/proc/BAS001/Functionals/ses2 
   5 DICOM files found in /data/perlman/moochie/analysis/Broken-Arm-Study//orig_data/BAS001//21_11_14-08_20_05-STD-1_3_12_2_1107_5_2_43_166158//scans/3
/data/perlman/moochie/analysis/Broken-Arm-Study/proc/BAS001/Functionals/ses2 
/data/perlman/moochie/analysis/Broken-Arm-Study/proc/BAS001/Functionals/ses2/study4 /data/perlman/moochie/analysis/Broken-Arm-Study/proc/BAS001/Functionals/ses2 
   3 DICOM files found in /data/perlman/moochie/analysis/Broken-Arm-Study//orig_data/BAS001//21_11_14-08_20_05-STD-1_3_12_2_1107_5_2_43_166158//scans/4
/data/perlman/moochie/analysis/Broken-Arm-Study/proc/BAS001/Functionals/ses2 
/data/perlman/moochie/analysis/Broken-Arm-Study/proc/BAS001/Functionals/ses2/study5 /data/perlman/moochie/analysis/Broken-Arm-Study/proc/BAS001/Functionals/ses2 
   3 DICOM files found in /data/perlman/moochie/analysis/Broken-Arm-Study//orig_data/BAS001//21_11_14-08_20_05-STD-1_3_12_2_1107_5_2_43_166158//scans/5
/data/perlman/moochie/analysis/Broken-Arm-Study/proc/BAS001/Functionals/ses2 
/data/perlman/moochie/analysis/Broken-Arm-Study/proc/BAS001/Functionals/ses2/study6 /data/perlman/moochie/analysis/Broken-Arm-Study/proc/BAS001/Functionals/ses2 
   9 DICOM files found in /data/perlman/moochie/analysis/Broken-Arm-Study//orig_data/BAS001//21_11_14-08_20_05-STD-1_3_12_2_1107_5_2_43_166158//scans/6
/data/perlman/moochie/analysis/Broken-Arm-Study/proc/BAS001/Functionals/ses2 
/data/perlman/moochie/analysis/Broken-Arm-Study/proc/BAS001/Functionals/ses2/study7 /data/perlman/moochie/analysis/Broken-Arm-Study/proc/BAS001/Functionals/ses2 
 208 DICOM files found in /data/perlman/moochie/analysis/Broken-Arm-Study//orig_data/BAS001//21_11_14-08_20_05-STD-1_3_12_2_1107_5_2_43_166158//scans/7
/data/perlman/moochie/analysis/Broken-Arm-Study/proc/BAS001/Functionals/ses2 
/data/perlman/moochie/analysis/Broken-Arm-Study/proc/BAS001/Functionals/ses2/study8 /data/perlman/moochie/analysis/Broken-Arm-Study/proc/BAS001/Functionals/ses2 
   3 DICOM files found in /data/perlman/moochie/analysis/Broken-Arm-Study//orig_data/BAS001//21_11_14-08_20_05-STD-1_3_12_2_1107_5_2_43_166158//scans/8
/data/perlman/moochie/analysis/Broken-Arm-Study/proc/BAS001/Functionals/ses2 
/data/perlman/moochie/analysis/Broken-Arm-Study/proc/BAS001/Functionals/ses2/study9 /data/perlman/moochie/analysis/Broken-Arm-Study/proc/BAS001/Functionals/ses2 
   3 DICOM files found in /data/perlman/moochie/analysis/Broken-Arm-Study//orig_data/BAS001//21_11_14-08_20_05-STD-1_3_12_2_1107_5_2_43_166158//scans/9
/data/perlman/moochie/analysis/Broken-Arm-Study/proc/BAS001/Functionals/ses2 
1    fl2d1          Localizer                                             3
2    fl3d1_ns       AAHScout                                            128
3    fl3d1_ns       AAHScout_MPR_sag                                      5
4    fl3d1_ns       AAHScout_MPR_cor                                      3
5    fl3d1_ns       AAHScout_MPR_tra                                      3
6    fl2d1          Localizer_aligned                                     9
7    tfl3d1_16ns    T1MPRAGECor                                         208
8    epse2d1_68     movie_fmap_1                                          3
9    epse2d1_68     movie_fmap_2                                          3
10   epfid2d3_68    movie_versionB_PA_SBRef                               2
11   epfid2d3_68    movie_versionB_PA                                  5115
12   epse2d1_68     movie_fmap_1                                          3
/data/perlman/moochie/analysis/Broken-Arm-Study/code 
/data/perlman/moochie/analysis/Broken-Arm-Study/proc/BAS001/Functionals/ses3 /data/perlman/moochie/analysis/Broken-Arm-Study/code 
/data/perlman/moochie/analysis/Broken-Arm-Study/proc/BAS001/Functionals/ses3/study1 /data/perlman/moochie/analysis/Broken-Arm-Study/proc/BAS001/Functionals/ses3 
   3 DICOM files found in /data/perlman/moochie/analysis/Broken-Arm-Study//orig_data/BAS001//21_11_14-09_11_16-STD-1_3_12_2_1107_5_2_43_166158//scans/1
/data/perlman/moochie/analysis/Broken-Arm-Study/proc/BAS001/Functionals/ses3 
/data/perlman/moochie/analysis/Broken-Arm-Study/proc/BAS001/Functionals/ses3/study10 /data/perlman/moochie/analysis/Broken-Arm-Study/proc/BAS001/Functionals/ses3 
5115 DICOM files found in /data/perlman/moochie/analysis/Broken-Arm-Study//orig_data/BAS001//21_11_14-09_11_16-STD-1_3_12_2_1107_5_2_43_166158//scans/10
/data/perlman/moochie/analysis/Broken-Arm-Study/proc/BAS001/Functionals/ses3 
/data/perlman/moochie/analysis/Broken-Arm-Study/proc/BAS001/Functionals/ses3/study2 /data/perlman/moochie/analysis/Broken-Arm-Study/proc/BAS001/Functionals/ses3 
 128 DICOM files found in /data/perlman/moochie/analysis/Broken-Arm-Study//orig_data/BAS001//21_11_14-09_11_16-STD-1_3_12_2_1107_5_2_43_166158//scans/2
/data/perlman/moochie/analysis/Broken-Arm-Study/proc/BAS001/Functionals/ses3 
/data/perlman/moochie/analysis/Broken-Arm-Study/proc/BAS001/Functionals/ses3/study3 /data/perlman/moochie/analysis/Broken-Arm-Study/proc/BAS001/Functionals/ses3 
   5 DICOM files found in /data/perlman/moochie/analysis/Broken-Arm-Study//orig_data/BAS001//21_11_14-09_11_16-STD-1_3_12_2_1107_5_2_43_166158//scans/3
/data/perlman/moochie/analysis/Broken-Arm-Study/proc/BAS001/Functionals/ses3 
/data/perlman/moochie/analysis/Broken-Arm-Study/proc/BAS001/Functionals/ses3/study4 /data/perlman/moochie/analysis/Broken-Arm-Study/proc/BAS001/Functionals/ses3 
   3 DICOM files found in /data/perlman/moochie/analysis/Broken-Arm-Study//orig_data/BAS001//21_11_14-09_11_16-STD-1_3_12_2_1107_5_2_43_166158//scans/4
/data/perlman/moochie/analysis/Broken-Arm-Study/proc/BAS001/Functionals/ses3 
/data/perlman/moochie/analysis/Broken-Arm-Study/proc/BAS001/Functionals/ses3/study5 /data/perlman/moochie/analysis/Broken-Arm-Study/proc/BAS001/Functionals/ses3 
   3 DICOM files found in /data/perlman/moochie/analysis/Broken-Arm-Study//orig_data/BAS001//21_11_14-09_11_16-STD-1_3_12_2_1107_5_2_43_166158//scans/5
/data/perlman/moochie/analysis/Broken-Arm-Study/proc/BAS001/Functionals/ses3 
/data/perlman/moochie/analysis/Broken-Arm-Study/proc/BAS001/Functionals/ses3/study6 /data/perlman/moochie/analysis/Broken-Arm-Study/proc/BAS001/Functionals/ses3 
   9 DICOM files found in /data/perlman/moochie/analysis/Broken-Arm-Study//orig_data/BAS001//21_11_14-09_11_16-STD-1_3_12_2_1107_5_2_43_166158//scans/6
/data/perlman/moochie/analysis/Broken-Arm-Study/proc/BAS001/Functionals/ses3 
/data/perlman/moochie/analysis/Broken-Arm-Study/proc/BAS001/Functionals/ses3/study7 /data/perlman/moochie/analysis/Broken-Arm-Study/proc/BAS001/Functionals/ses3 
   3 DICOM files found in /data/perlman/moochie/analysis/Broken-Arm-Study//orig_data/BAS001//21_11_14-09_11_16-STD-1_3_12_2_1107_5_2_43_166158//scans/7
/data/perlman/moochie/analysis/Broken-Arm-Study/proc/BAS001/Functionals/ses3 
/data/perlman/moochie/analysis/Broken-Arm-Study/proc/BAS001/Functionals/ses3/study8 /data/perlman/moochie/analysis/Broken-Arm-Study/proc/BAS001/Functionals/ses3 
   3 DICOM files found in /data/perlman/moochie/analysis/Broken-Arm-Study//orig_data/BAS001//21_11_14-09_11_16-STD-1_3_12_2_1107_5_2_43_166158//scans/8
/data/perlman/moochie/analysis/Broken-Arm-Study/proc/BAS001/Functionals/ses3 
/data/perlman/moochie/analysis/Broken-Arm-Study/proc/BAS001/Functionals/ses3/study9 /data/perlman/moochie/analysis/Broken-Arm-Study/proc/BAS001/Functionals/ses3 
   2 DICOM files found in /data/perlman/moochie/analysis/Broken-Arm-Study//orig_data/BAS001//21_11_14-09_11_16-STD-1_3_12_2_1107_5_2_43_166158//scans/9
/data/perlman/moochie/analysis/Broken-Arm-Study/proc/BAS001/Functionals/ses3 
1    fl2d1          Localizer                                             3
2    fl3d1_ns       AAHScout                                            128
3    fl3d1_ns       AAHScout_MPR_sag                                      5
4    fl3d1_ns       AAHScout_MPR_cor                                      3
5    fl3d1_ns       AAHScout_MPR_tra                                      3
6    fl2d1          Localizer_aligned                                     9
7    epse2d1_68     movie_fmap_1                                          3
8    epse2d1_68     movie_fmap_2                                          3
9    epfid2d3_68    movie_versionB_PA_SBRef                               2
10   epfid2d3_68    movie_versionB_PA                                  5115
/data/perlman/moochie/analysis/Broken-Arm-Study/code 
/data/perlman/moochie/analysis/Broken-Arm-Study/proc/BAS001/Functionals/ses4 /data/perlman/moochie/analysis/Broken-Arm-Study/code 
/data/perlman/moochie/analysis/Broken-Arm-Study/proc/BAS001/Functionals/ses4/study1 /data/perlman/moochie/analysis/Broken-Arm-Study/proc/BAS001/Functionals/ses4 
   3 DICOM files found in /data/perlman/moochie/analysis/Broken-Arm-Study//orig_data/BAS001//21_11_29-08_18_36-STD-1_3_12_2_1107_5_2_43_166158//scans/1
/data/perlman/moochie/analysis/Broken-Arm-Study/proc/BAS001/Functionals/ses4 
/data/perlman/moochie/analysis/Broken-Arm-Study/proc/BAS001/Functionals/ses4/study10 /data/perlman/moochie/analysis/Broken-Arm-Study/proc/BAS001/Functionals/ses4 
   2 DICOM files found in /data/perlman/moochie/analysis/Broken-Arm-Study//orig_data/BAS001//21_11_29-08_18_36-STD-1_3_12_2_1107_5_2_43_166158//scans/10
/data/perlman/moochie/analysis/Broken-Arm-Study/proc/BAS001/Functionals/ses4 
/data/perlman/moochie/analysis/Broken-Arm-Study/proc/BAS001/Functionals/ses4/study11 /data/perlman/moochie/analysis/Broken-Arm-Study/proc/BAS001/Functionals/ses4 
5115 DICOM files found in /data/perlman/moochie/analysis/Broken-Arm-Study//orig_data/BAS001//21_11_29-08_18_36-STD-1_3_12_2_1107_5_2_43_166158//scans/11
/data/perlman/moochie/analysis/Broken-Arm-Study/proc/BAS001/Functionals/ses4 
/data/perlman/moochie/analysis/Broken-Arm-Study/proc/BAS001/Functionals/ses4/study12 /data/perlman/moochie/analysis/Broken-Arm-Study/proc/BAS001/Functionals/ses4 
   3 DICOM files found in /data/perlman/moochie/analysis/Broken-Arm-Study//orig_data/BAS001//21_11_29-08_18_36-STD-1_3_12_2_1107_5_2_43_166158//scans/12
/data/perlman/moochie/analysis/Broken-Arm-Study/proc/BAS001/Functionals/ses4 
/data/perlman/moochie/analysis/Broken-Arm-Study/proc/BAS001/Functionals/ses4/study13 /data/perlman/moochie/analysis/Broken-Arm-Study/proc/BAS001/Functionals/ses4 
   3 DICOM files found in /data/perlman/moochie/analysis/Broken-Arm-Study//orig_data/BAS001//21_11_29-08_18_36-STD-1_3_12_2_1107_5_2_43_166158//scans/13
/data/perlman/moochie/analysis/Broken-Arm-Study/proc/BAS001/Functionals/ses4 
/data/perlman/moochie/analysis/Broken-Arm-Study/proc/BAS001/Functionals/ses4/study14 /data/perlman/moochie/analysis/Broken-Arm-Study/proc/BAS001/Functionals/ses4 
   2 DICOM files found in /data/perlman/moochie/analysis/Broken-Arm-Study//orig_data/BAS001//21_11_29-08_18_36-STD-1_3_12_2_1107_5_2_43_166158//scans/14
/data/perlman/moochie/analysis/Broken-Arm-Study/proc/BAS001/Functionals/ses4 
/data/perlman/moochie/analysis/Broken-Arm-Study/proc/BAS001/Functionals/ses4/study15 /data/perlman/moochie/analysis/Broken-Arm-Study/proc/BAS001/Functionals/ses4 
2832 DICOM files found in /data/perlman/moochie/analysis/Broken-Arm-Study//orig_data/BAS001//21_11_29-08_18_36-STD-1_3_12_2_1107_5_2_43_166158//scans/15
/data/perlman/moochie/analysis/Broken-Arm-Study/proc/BAS001/Functionals/ses4 
/data/perlman/moochie/analysis/Broken-Arm-Study/proc/BAS001/Functionals/ses4/study2 /data/perlman/moochie/analysis/Broken-Arm-Study/proc/BAS001/Functionals/ses4 
 128 DICOM files found in /data/perlman/moochie/analysis/Broken-Arm-Study//orig_data/BAS001//21_11_29-08_18_36-STD-1_3_12_2_1107_5_2_43_166158//scans/2
/data/perlman/moochie/analysis/Broken-Arm-Study/proc/BAS001/Functionals/ses4 
/data/perlman/moochie/analysis/Broken-Arm-Study/proc/BAS001/Functionals/ses4/study3 /data/perlman/moochie/analysis/Broken-Arm-Study/proc/BAS001/Functionals/ses4 
   5 DICOM files found in /data/perlman/moochie/analysis/Broken-Arm-Study//orig_data/BAS001//21_11_29-08_18_36-STD-1_3_12_2_1107_5_2_43_166158//scans/3
/data/perlman/moochie/analysis/Broken-Arm-Study/proc/BAS001/Functionals/ses4 
/data/perlman/moochie/analysis/Broken-Arm-Study/proc/BAS001/Functionals/ses4/study4 /data/perlman/moochie/analysis/Broken-Arm-Study/proc/BAS001/Functionals/ses4 
   3 DICOM files found in /data/perlman/moochie/analysis/Broken-Arm-Study//orig_data/BAS001//21_11_29-08_18_36-STD-1_3_12_2_1107_5_2_43_166158//scans/4
/data/perlman/moochie/analysis/Broken-Arm-Study/proc/BAS001/Functionals/ses4 
/data/perlman/moochie/analysis/Broken-Arm-Study/proc/BAS001/Functionals/ses4/study5 /data/perlman/moochie/analysis/Broken-Arm-Study/proc/BAS001/Functionals/ses4 
   3 DICOM files found in /data/perlman/moochie/analysis/Broken-Arm-Study//orig_data/BAS001//21_11_29-08_18_36-STD-1_3_12_2_1107_5_2_43_166158//scans/5
/data/perlman/moochie/analysis/Broken-Arm-Study/proc/BAS001/Functionals/ses4 
/data/perlman/moochie/analysis/Broken-Arm-Study/proc/BAS001/Functionals/ses4/study6 /data/perlman/moochie/analysis/Broken-Arm-Study/proc/BAS001/Functionals/ses4 
   9 DICOM files found in /data/perlman/moochie/analysis/Broken-Arm-Study//orig_data/BAS001//21_11_29-08_18_36-STD-1_3_12_2_1107_5_2_43_166158//scans/6
/data/perlman/moochie/analysis/Broken-Arm-Study/proc/BAS001/Functionals/ses4 
/data/perlman/moochie/analysis/Broken-Arm-Study/proc/BAS001/Functionals/ses4/study7 /data/perlman/moochie/analysis/Broken-Arm-Study/proc/BAS001/Functionals/ses4 
 208 DICOM files found in /data/perlman/moochie/analysis/Broken-Arm-Study//orig_data/BAS001//21_11_29-08_18_36-STD-1_3_12_2_1107_5_2_43_166158//scans/7
/data/perlman/moochie/analysis/Broken-Arm-Study/proc/BAS001/Functionals/ses4 
/data/perlman/moochie/analysis/Broken-Arm-Study/proc/BAS001/Functionals/ses4/study8 /data/perlman/moochie/analysis/Broken-Arm-Study/proc/BAS001/Functionals/ses4 
   3 DICOM files found in /data/perlman/moochie/analysis/Broken-Arm-Study//orig_data/BAS001//21_11_29-08_18_36-STD-1_3_12_2_1107_5_2_43_166158//scans/8
/data/perlman/moochie/analysis/Broken-Arm-Study/proc/BAS001/Functionals/ses4 
/data/perlman/moochie/analysis/Broken-Arm-Study/proc/BAS001/Functionals/ses4/study9 /data/perlman/moochie/analysis/Broken-Arm-Study/proc/BAS001/Functionals/ses4 
   3 DICOM files found in /data/perlman/moochie/analysis/Broken-Arm-Study//orig_data/BAS001//21_11_29-08_18_36-STD-1_3_12_2_1107_5_2_43_166158//scans/9
/data/perlman/moochie/analysis/Broken-Arm-Study/proc/BAS001/Functionals/ses4 
1    fl2d1          Localizer                                             3
2    fl3d1_ns       AAHScout                                            128
3    fl3d1_ns       AAHScout_MPR_sag                                      5
4    fl3d1_ns       AAHScout_MPR_cor                                      3
5    fl3d1_ns       AAHScout_MPR_tra                                      3
6    fl2d1          Localizer_aligned                                     9
7    tfl3d1_16ns    T1MPRAGECor                                         208
8    epse2d1_68     movie_fmap_1                                          3
9    epse2d1_68     movie_fmap_2                                          3
10   epfid2d3_68    movie_versionB_PA_SBRef                               2
11   epfid2d3_68    movie_versionB_PA                                  5115
12   epse2d1_68     movie_fmap_1                                          3
13   epse2d1_68     movie_fmap_2                                          3
14   epfid2d3_68    movie_versionB_PA_SBRef                               2
15   epfid2d3_68    movie_versionB_PA                                  2832
/data/perlman/moochie/analysis/Broken-Arm-Study/code 
/data/perlman/moochie/analysis/Broken-Arm-Study/proc/BAS001/Functionals/ses5 /data/perlman/moochie/analysis/Broken-Arm-Study/code 
/data/perlman/moochie/analysis/Broken-Arm-Study/proc/BAS001/Functionals/ses5/study1 /data/perlman/moochie/analysis/Broken-Arm-Study/proc/BAS001/Functionals/ses5 
   3 DICOM files found in /data/perlman/moochie/analysis/Broken-Arm-Study//orig_data/BAS001//21_12_03-17_04_45-STD-1_3_12_2_1107_5_2_43_166158//scans/1
/data/perlman/moochie/analysis/Broken-Arm-Study/proc/BAS001/Functionals/ses5 
/data/perlman/moochie/analysis/Broken-Arm-Study/proc/BAS001/Functionals/ses5/study10 /data/perlman/moochie/analysis/Broken-Arm-Study/proc/BAS001/Functionals/ses5 
   2 DICOM files found in /data/perlman/moochie/analysis/Broken-Arm-Study//orig_data/BAS001//21_12_03-17_04_45-STD-1_3_12_2_1107_5_2_43_166158//scans/10
/data/perlman/moochie/analysis/Broken-Arm-Study/proc/BAS001/Functionals/ses5 
/data/perlman/moochie/analysis/Broken-Arm-Study/proc/BAS001/Functionals/ses5/study11 /data/perlman/moochie/analysis/Broken-Arm-Study/proc/BAS001/Functionals/ses5 
5115 DICOM files found in /data/perlman/moochie/analysis/Broken-Arm-Study//orig_data/BAS001//21_12_03-17_04_45-STD-1_3_12_2_1107_5_2_43_166158//scans/11
/data/perlman/moochie/analysis/Broken-Arm-Study/proc/BAS001/Functionals/ses5 
/data/perlman/moochie/analysis/Broken-Arm-Study/proc/BAS001/Functionals/ses5/study2 /data/perlman/moochie/analysis/Broken-Arm-Study/proc/BAS001/Functionals/ses5 
 128 DICOM files found in /data/perlman/moochie/analysis/Broken-Arm-Study//orig_data/BAS001//21_12_03-17_04_45-STD-1_3_12_2_1107_5_2_43_166158//scans/2
/data/perlman/moochie/analysis/Broken-Arm-Study/proc/BAS001/Functionals/ses5 
/data/perlman/moochie/analysis/Broken-Arm-Study/proc/BAS001/Functionals/ses5/study3 /data/perlman/moochie/analysis/Broken-Arm-Study/proc/BAS001/Functionals/ses5 
   5 DICOM files found in /data/perlman/moochie/analysis/Broken-Arm-Study//orig_data/BAS001//21_12_03-17_04_45-STD-1_3_12_2_1107_5_2_43_166158//scans/3
/data/perlman/moochie/analysis/Broken-Arm-Study/proc/BAS001/Functionals/ses5 
/data/perlman/moochie/analysis/Broken-Arm-Study/proc/BAS001/Functionals/ses5/study4 /data/perlman/moochie/analysis/Broken-Arm-Study/proc/BAS001/Functionals/ses5 
   3 DICOM files found in /data/perlman/moochie/analysis/Broken-Arm-Study//orig_data/BAS001//21_12_03-17_04_45-STD-1_3_12_2_1107_5_2_43_166158//scans/4
/data/perlman/moochie/analysis/Broken-Arm-Study/proc/BAS001/Functionals/ses5 
/data/perlman/moochie/analysis/Broken-Arm-Study/proc/BAS001/Functionals/ses5/study5 /data/perlman/moochie/analysis/Broken-Arm-Study/proc/BAS001/Functionals/ses5 
   3 DICOM files found in /data/perlman/moochie/analysis/Broken-Arm-Study//orig_data/BAS001//21_12_03-17_04_45-STD-1_3_12_2_1107_5_2_43_166158//scans/5
/data/perlman/moochie/analysis/Broken-Arm-Study/proc/BAS001/Functionals/ses5 
/data/perlman/moochie/analysis/Broken-Arm-Study/proc/BAS001/Functionals/ses5/study6 /data/perlman/moochie/analysis/Broken-Arm-Study/proc/BAS001/Functionals/ses5 
   9 DICOM files found in /data/perlman/moochie/analysis/Broken-Arm-Study//orig_data/BAS001//21_12_03-17_04_45-STD-1_3_12_2_1107_5_2_43_166158//scans/6
/data/perlman/moochie/analysis/Broken-Arm-Study/proc/BAS001/Functionals/ses5 
/data/perlman/moochie/analysis/Broken-Arm-Study/proc/BAS001/Functionals/ses5/study7 /data/perlman/moochie/analysis/Broken-Arm-Study/proc/BAS001/Functionals/ses5 
 208 DICOM files found in /data/perlman/moochie/analysis/Broken-Arm-Study//orig_data/BAS001//21_12_03-17_04_45-STD-1_3_12_2_1107_5_2_43_166158//scans/7
/data/perlman/moochie/analysis/Broken-Arm-Study/proc/BAS001/Functionals/ses5 
/data/perlman/moochie/analysis/Broken-Arm-Study/proc/BAS001/Functionals/ses5/study8 /data/perlman/moochie/analysis/Broken-Arm-Study/proc/BAS001/Functionals/ses5 
   3 DICOM files found in /data/perlman/moochie/analysis/Broken-Arm-Study//orig_data/BAS001//21_12_03-17_04_45-STD-1_3_12_2_1107_5_2_43_166158//scans/8
/data/perlman/moochie/analysis/Broken-Arm-Study/proc/BAS001/Functionals/ses5 
/data/perlman/moochie/analysis/Broken-Arm-Study/proc/BAS001/Functionals/ses5/study9 /data/perlman/moochie/analysis/Broken-Arm-Study/proc/BAS001/Functionals/ses5 
   3 DICOM files found in /data/perlman/moochie/analysis/Broken-Arm-Study//orig_data/BAS001//21_12_03-17_04_45-STD-1_3_12_2_1107_5_2_43_166158//scans/9
/data/perlman/moochie/analysis/Broken-Arm-Study/proc/BAS001/Functionals/ses5 
1    fl2d1          Localizer                                             3
2    fl3d1_ns       AAHScout                                            128
3    fl3d1_ns       AAHScout_MPR_sag                                      5
4    fl3d1_ns       AAHScout_MPR_cor                                      3
5    fl3d1_ns       AAHScout_MPR_tra                                      3
6    fl2d1          Localizer_aligned                                     9
7    tfl3d1_16ns    T1MPRAGECor                                         208
8    epse2d1_68     movie_fmap_1                                          3
9    epse2d1_68     movie_fmap_2                                          3
10   epfid2d3_68    movie_versionB_PA_SBRef                               2
11   epfid2d3_68    movie_versionB_PA                                  5115
/data/perlman/moochie/analysis/Broken-Arm-Study/code 
/data/perlman/moochie/analysis/Broken-Arm-Study/proc/BAS001/Functionals/ses6 /data/perlman/moochie/analysis/Broken-Arm-Study/code 
/data/perlman/moochie/analysis/Broken-Arm-Study/proc/BAS001/Functionals/ses6/study1 /data/perlman/moochie/analysis/Broken-Arm-Study/proc/BAS001/Functionals/ses6 
   3 DICOM files found in /data/perlman/moochie/analysis/Broken-Arm-Study//orig_data/BAS001//21_12_03-17_56_23-STD-1_3_12_2_1107_5_2_43_166158//scans/1
/data/perlman/moochie/analysis/Broken-Arm-Study/proc/BAS001/Functionals/ses6 
/data/perlman/moochie/analysis/Broken-Arm-Study/proc/BAS001/Functionals/ses6/study10 /data/perlman/moochie/analysis/Broken-Arm-Study/proc/BAS001/Functionals/ses6 
5115 DICOM files found in /data/perlman/moochie/analysis/Broken-Arm-Study//orig_data/BAS001//21_12_03-17_56_23-STD-1_3_12_2_1107_5_2_43_166158//scans/10
/data/perlman/moochie/analysis/Broken-Arm-Study/proc/BAS001/Functionals/ses6 
/data/perlman/moochie/analysis/Broken-Arm-Study/proc/BAS001/Functionals/ses6/study2 /data/perlman/moochie/analysis/Broken-Arm-Study/proc/BAS001/Functionals/ses6 
 128 DICOM files found in /data/perlman/moochie/analysis/Broken-Arm-Study//orig_data/BAS001//21_12_03-17_56_23-STD-1_3_12_2_1107_5_2_43_166158//scans/2
/data/perlman/moochie/analysis/Broken-Arm-Study/proc/BAS001/Functionals/ses6 
/data/perlman/moochie/analysis/Broken-Arm-Study/proc/BAS001/Functionals/ses6/study3 /data/perlman/moochie/analysis/Broken-Arm-Study/proc/BAS001/Functionals/ses6 
   5 DICOM files found in /data/perlman/moochie/analysis/Broken-Arm-Study//orig_data/BAS001//21_12_03-17_56_23-STD-1_3_12_2_1107_5_2_43_166158//scans/3
/data/perlman/moochie/analysis/Broken-Arm-Study/proc/BAS001/Functionals/ses6 
/data/perlman/moochie/analysis/Broken-Arm-Study/proc/BAS001/Functionals/ses6/study4 /data/perlman/moochie/analysis/Broken-Arm-Study/proc/BAS001/Functionals/ses6 
   3 DICOM files found in /data/perlman/moochie/analysis/Broken-Arm-Study//orig_data/BAS001//21_12_03-17_56_23-STD-1_3_12_2_1107_5_2_43_166158//scans/4
/data/perlman/moochie/analysis/Broken-Arm-Study/proc/BAS001/Functionals/ses6 
/data/perlman/moochie/analysis/Broken-Arm-Study/proc/BAS001/Functionals/ses6/study5 /data/perlman/moochie/analysis/Broken-Arm-Study/proc/BAS001/Functionals/ses6 
   3 DICOM files found in /data/perlman/moochie/analysis/Broken-Arm-Study//orig_data/BAS001//21_12_03-17_56_23-STD-1_3_12_2_1107_5_2_43_166158//scans/5
/data/perlman/moochie/analysis/Broken-Arm-Study/proc/BAS001/Functionals/ses6 
/data/perlman/moochie/analysis/Broken-Arm-Study/proc/BAS001/Functionals/ses6/study6 /data/perlman/moochie/analysis/Broken-Arm-Study/proc/BAS001/Functionals/ses6 
   9 DICOM files found in /data/perlman/moochie/analysis/Broken-Arm-Study//orig_data/BAS001//21_12_03-17_56_23-STD-1_3_12_2_1107_5_2_43_166158//scans/6
/data/perlman/moochie/analysis/Broken-Arm-Study/proc/BAS001/Functionals/ses6 
/data/perlman/moochie/analysis/Broken-Arm-Study/proc/BAS001/Functionals/ses6/study7 /data/perlman/moochie/analysis/Broken-Arm-Study/proc/BAS001/Functionals/ses6 
   3 DICOM files found in /data/perlman/moochie/analysis/Broken-Arm-Study//orig_data/BAS001//21_12_03-17_56_23-STD-1_3_12_2_1107_5_2_43_166158//scans/7
/data/perlman/moochie/analysis/Broken-Arm-Study/proc/BAS001/Functionals/ses6 
/data/perlman/moochie/analysis/Broken-Arm-Study/proc/BAS001/Functionals/ses6/study8 /data/perlman/moochie/analysis/Broken-Arm-Study/proc/BAS001/Functionals/ses6 
   3 DICOM files found in /data/perlman/moochie/analysis/Broken-Arm-Study//orig_data/BAS001//21_12_03-17_56_23-STD-1_3_12_2_1107_5_2_43_166158//scans/8
/data/perlman/moochie/analysis/Broken-Arm-Study/proc/BAS001/Functionals/ses6 
/data/perlman/moochie/analysis/Broken-Arm-Study/proc/BAS001/Functionals/ses6/study9 /data/perlman/moochie/analysis/Broken-Arm-Study/proc/BAS001/Functionals/ses6 
   2 DICOM files found in /data/perlman/moochie/analysis/Broken-Arm-Study//orig_data/BAS001//21_12_03-17_56_23-STD-1_3_12_2_1107_5_2_43_166158//scans/9
/data/perlman/moochie/analysis/Broken-Arm-Study/proc/BAS001/Functionals/ses6 
1    fl2d1          Localizer                                             3
2    fl3d1_ns       AAHScout                                            128
3    fl3d1_ns       AAHScout_MPR_sag                                      5
4    fl3d1_ns       AAHScout_MPR_cor                                      3
5    fl3d1_ns       AAHScout_MPR_tra                                      3
6    fl2d1          Localizer_aligned                                     9
7    epse2d1_68     movie_fmap_1                                          3
8    epse2d1_68     movie_fmap_2                                          3
9    epfid2d3_68    movie_versionB_PA_SBRef                               2
10   epfid2d3_68    movie_versionB_PA                                  5115
/data/perlman/moochie/analysis/Broken-Arm-Study/code 
/data/perlman/moochie/analysis/Broken-Arm-Study/proc/BAS001/Functionals/ses7 /data/perlman/moochie/analysis/Broken-Arm-Study/code 
/data/perlman/moochie/analysis/Broken-Arm-Study/proc/BAS001/Functionals/ses7/study1 /data/perlman/moochie/analysis/Broken-Arm-Study/proc/BAS001/Functionals/ses7 
   3 DICOM files found in /data/perlman/moochie/analysis/Broken-Arm-Study//orig_data/BAS001//21_12_11-10_46_44-STD-1_3_12_2_1107_5_2_43_166158//scans/1
/data/perlman/moochie/analysis/Broken-Arm-Study/proc/BAS001/Functionals/ses7 
/data/perlman/moochie/analysis/Broken-Arm-Study/proc/BAS001/Functionals/ses7/study10 /data/perlman/moochie/analysis/Broken-Arm-Study/proc/BAS001/Functionals/ses7 
   3 DICOM files found in /data/perlman/moochie/analysis/Broken-Arm-Study//orig_data/BAS001//21_12_11-10_46_44-STD-1_3_12_2_1107_5_2_43_166158//scans/10
/data/perlman/moochie/analysis/Broken-Arm-Study/proc/BAS001/Functionals/ses7 
/data/perlman/moochie/analysis/Broken-Arm-Study/proc/BAS001/Functionals/ses7/study11 /data/perlman/moochie/analysis/Broken-Arm-Study/proc/BAS001/Functionals/ses7 
   9 DICOM files found in /data/perlman/moochie/analysis/Broken-Arm-Study//orig_data/BAS001//21_12_11-10_46_44-STD-1_3_12_2_1107_5_2_43_166158//scans/11
/data/perlman/moochie/analysis/Broken-Arm-Study/proc/BAS001/Functionals/ses7 
/data/perlman/moochie/analysis/Broken-Arm-Study/proc/BAS001/Functionals/ses7/study12 /data/perlman/moochie/analysis/Broken-Arm-Study/proc/BAS001/Functionals/ses7 
 208 DICOM files found in /data/perlman/moochie/analysis/Broken-Arm-Study//orig_data/BAS001//21_12_11-10_46_44-STD-1_3_12_2_1107_5_2_43_166158//scans/12
/data/perlman/moochie/analysis/Broken-Arm-Study/proc/BAS001/Functionals/ses7 
/data/perlman/moochie/analysis/Broken-Arm-Study/proc/BAS001/Functionals/ses7/study13 /data/perlman/moochie/analysis/Broken-Arm-Study/proc/BAS001/Functionals/ses7 
   3 DICOM files found in /data/perlman/moochie/analysis/Broken-Arm-Study//orig_data/BAS001//21_12_11-10_46_44-STD-1_3_12_2_1107_5_2_43_166158//scans/13
/data/perlman/moochie/analysis/Broken-Arm-Study/proc/BAS001/Functionals/ses7 
/data/perlman/moochie/analysis/Broken-Arm-Study/proc/BAS001/Functionals/ses7/study14 /data/perlman/moochie/analysis/Broken-Arm-Study/proc/BAS001/Functionals/ses7 
   3 DICOM files found in /data/perlman/moochie/analysis/Broken-Arm-Study//orig_data/BAS001//21_12_11-10_46_44-STD-1_3_12_2_1107_5_2_43_166158//scans/14
/data/perlman/moochie/analysis/Broken-Arm-Study/proc/BAS001/Functionals/ses7 
/data/perlman/moochie/analysis/Broken-Arm-Study/proc/BAS001/Functionals/ses7/study15 /data/perlman/moochie/analysis/Broken-Arm-Study/proc/BAS001/Functionals/ses7 
   2 DICOM files found in /data/perlman/moochie/analysis/Broken-Arm-Study//orig_data/BAS001//21_12_11-10_46_44-STD-1_3_12_2_1107_5_2_43_166158//scans/15
/data/perlman/moochie/analysis/Broken-Arm-Study/proc/BAS001/Functionals/ses7 
/data/perlman/moochie/analysis/Broken-Arm-Study/proc/BAS001/Functionals/ses7/study16 /data/perlman/moochie/analysis/Broken-Arm-Study/proc/BAS001/Functionals/ses7 
5115 DICOM files found in /data/perlman/moochie/analysis/Broken-Arm-Study//orig_data/BAS001//21_12_11-10_46_44-STD-1_3_12_2_1107_5_2_43_166158//scans/16
/data/perlman/moochie/analysis/Broken-Arm-Study/proc/BAS001/Functionals/ses7 
/data/perlman/moochie/analysis/Broken-Arm-Study/proc/BAS001/Functionals/ses7/study2 /data/perlman/moochie/analysis/Broken-Arm-Study/proc/BAS001/Functionals/ses7 
 128 DICOM files found in /data/perlman/moochie/analysis/Broken-Arm-Study//orig_data/BAS001//21_12_11-10_46_44-STD-1_3_12_2_1107_5_2_43_166158//scans/2
/data/perlman/moochie/analysis/Broken-Arm-Study/proc/BAS001/Functionals/ses7 
/data/perlman/moochie/analysis/Broken-Arm-Study/proc/BAS001/Functionals/ses7/study3 /data/perlman/moochie/analysis/Broken-Arm-Study/proc/BAS001/Functionals/ses7 
   5 DICOM files found in /data/perlman/moochie/analysis/Broken-Arm-Study//orig_data/BAS001//21_12_11-10_46_44-STD-1_3_12_2_1107_5_2_43_166158//scans/3
/data/perlman/moochie/analysis/Broken-Arm-Study/proc/BAS001/Functionals/ses7 
/data/perlman/moochie/analysis/Broken-Arm-Study/proc/BAS001/Functionals/ses7/study4 /data/perlman/moochie/analysis/Broken-Arm-Study/proc/BAS001/Functionals/ses7 
   3 DICOM files found in /data/perlman/moochie/analysis/Broken-Arm-Study//orig_data/BAS001//21_12_11-10_46_44-STD-1_3_12_2_1107_5_2_43_166158//scans/4
/data/perlman/moochie/analysis/Broken-Arm-Study/proc/BAS001/Functionals/ses7 
/data/perlman/moochie/analysis/Broken-Arm-Study/proc/BAS001/Functionals/ses7/study5 /data/perlman/moochie/analysis/Broken-Arm-Study/proc/BAS001/Functionals/ses7 
   3 DICOM files found in /data/perlman/moochie/analysis/Broken-Arm-Study//orig_data/BAS001//21_12_11-10_46_44-STD-1_3_12_2_1107_5_2_43_166158//scans/5
/data/perlman/moochie/analysis/Broken-Arm-Study/proc/BAS001/Functionals/ses7 
/data/perlman/moochie/analysis/Broken-Arm-Study/proc/BAS001/Functionals/ses7/study6 /data/perlman/moochie/analysis/Broken-Arm-Study/proc/BAS001/Functionals/ses7 
   9 DICOM files found in /data/perlman/moochie/analysis/Broken-Arm-Study//orig_data/BAS001//21_12_11-10_46_44-STD-1_3_12_2_1107_5_2_43_166158//scans/6
/data/perlman/moochie/analysis/Broken-Arm-Study/proc/BAS001/Functionals/ses7 
/data/perlman/moochie/analysis/Broken-Arm-Study/proc/BAS001/Functionals/ses7/study7 /data/perlman/moochie/analysis/Broken-Arm-Study/proc/BAS001/Functionals/ses7 
 128 DICOM files found in /data/perlman/moochie/analysis/Broken-Arm-Study//orig_data/BAS001//21_12_11-10_46_44-STD-1_3_12_2_1107_5_2_43_166158//scans/7
/data/perlman/moochie/analysis/Broken-Arm-Study/proc/BAS001/Functionals/ses7 
/data/perlman/moochie/analysis/Broken-Arm-Study/proc/BAS001/Functionals/ses7/study8 /data/perlman/moochie/analysis/Broken-Arm-Study/proc/BAS001/Functionals/ses7 
   5 DICOM files found in /data/perlman/moochie/analysis/Broken-Arm-Study//orig_data/BAS001//21_12_11-10_46_44-STD-1_3_12_2_1107_5_2_43_166158//scans/8
/data/perlman/moochie/analysis/Broken-Arm-Study/proc/BAS001/Functionals/ses7 
/data/perlman/moochie/analysis/Broken-Arm-Study/proc/BAS001/Functionals/ses7/study9 /data/perlman/moochie/analysis/Broken-Arm-Study/proc/BAS001/Functionals/ses7 
   3 DICOM files found in /data/perlman/moochie/analysis/Broken-Arm-Study//orig_data/BAS001//21_12_11-10_46_44-STD-1_3_12_2_1107_5_2_43_166158//scans/9
/data/perlman/moochie/analysis/Broken-Arm-Study/proc/BAS001/Functionals/ses7 
1    fl2d1          Localizer                                             3
2    fl3d1_ns       AAHScout                                            128
3    fl3d1_ns       AAHScout_MPR_sag                                      5
4    fl3d1_ns       AAHScout_MPR_cor                                      3
5    fl3d1_ns       AAHScout_MPR_tra                                      3
6    fl2d1          Localizer_aligned                                     9
7    fl3d1_ns       AAHScout                                            128
8    fl3d1_ns       AAHScout_MPR_sag                                      5
9    fl3d1_ns       AAHScout_MPR_cor                                      3
10   fl3d1_ns       AAHScout_MPR_tra                                      3
11   fl2d1          Localizer_aligned                                     9
12   tfl3d1_16ns    T1MPRAGECor                                         208
13   epse2d1_68     movie_fmap_1                                          3
14   epse2d1_68     movie_fmap_2                                          3
15   epfid2d3_68    movie_versionB_PA_SBRef                               2
16   epfid2d3_68    movie_versionB_PA                                  5115
/data/perlman/moochie/analysis/Broken-Arm-Study/code 
/data/perlman/moochie/analysis/Broken-Arm-Study/proc/BAS001/Functionals/ses8 /data/perlman/moochie/analysis/Broken-Arm-Study/code 
/data/perlman/moochie/analysis/Broken-Arm-Study/proc/BAS001/Functionals/ses8/study1 /data/perlman/moochie/analysis/Broken-Arm-Study/proc/BAS001/Functionals/ses8 
   3 DICOM files found in /data/perlman/moochie/analysis/Broken-Arm-Study//orig_data/BAS001//21_12_11-11_43_17-STD-1_3_12_2_1107_5_2_43_166158//scans/1
/data/perlman/moochie/analysis/Broken-Arm-Study/proc/BAS001/Functionals/ses8 
/data/perlman/moochie/analysis/Broken-Arm-Study/proc/BAS001/Functionals/ses8/study10 /data/perlman/moochie/analysis/Broken-Arm-Study/proc/BAS001/Functionals/ses8 
5115 DICOM files found in /data/perlman/moochie/analysis/Broken-Arm-Study//orig_data/BAS001//21_12_11-11_43_17-STD-1_3_12_2_1107_5_2_43_166158//scans/10
/data/perlman/moochie/analysis/Broken-Arm-Study/proc/BAS001/Functionals/ses8 
/data/perlman/moochie/analysis/Broken-Arm-Study/proc/BAS001/Functionals/ses8/study2 /data/perlman/moochie/analysis/Broken-Arm-Study/proc/BAS001/Functionals/ses8 
 128 DICOM files found in /data/perlman/moochie/analysis/Broken-Arm-Study//orig_data/BAS001//21_12_11-11_43_17-STD-1_3_12_2_1107_5_2_43_166158//scans/2
/data/perlman/moochie/analysis/Broken-Arm-Study/proc/BAS001/Functionals/ses8 
/data/perlman/moochie/analysis/Broken-Arm-Study/proc/BAS001/Functionals/ses8/study3 /data/perlman/moochie/analysis/Broken-Arm-Study/proc/BAS001/Functionals/ses8 
   5 DICOM files found in /data/perlman/moochie/analysis/Broken-Arm-Study//orig_data/BAS001//21_12_11-11_43_17-STD-1_3_12_2_1107_5_2_43_166158//scans/3
/data/perlman/moochie/analysis/Broken-Arm-Study/proc/BAS001/Functionals/ses8 
/data/perlman/moochie/analysis/Broken-Arm-Study/proc/BAS001/Functionals/ses8/study4 /data/perlman/moochie/analysis/Broken-Arm-Study/proc/BAS001/Functionals/ses8 
   3 DICOM files found in /data/perlman/moochie/analysis/Broken-Arm-Study//orig_data/BAS001//21_12_11-11_43_17-STD-1_3_12_2_1107_5_2_43_166158//scans/4
/data/perlman/moochie/analysis/Broken-Arm-Study/proc/BAS001/Functionals/ses8 
/data/perlman/moochie/analysis/Broken-Arm-Study/proc/BAS001/Functionals/ses8/study5 /data/perlman/moochie/analysis/Broken-Arm-Study/proc/BAS001/Functionals/ses8 
   3 DICOM files found in /data/perlman/moochie/analysis/Broken-Arm-Study//orig_data/BAS001//21_12_11-11_43_17-STD-1_3_12_2_1107_5_2_43_166158//scans/5
/data/perlman/moochie/analysis/Broken-Arm-Study/proc/BAS001/Functionals/ses8 
/data/perlman/moochie/analysis/Broken-Arm-Study/proc/BAS001/Functionals/ses8/study6 /data/perlman/moochie/analysis/Broken-Arm-Study/proc/BAS001/Functionals/ses8 
   9 DICOM files found in /data/perlman/moochie/analysis/Broken-Arm-Study//orig_data/BAS001//21_12_11-11_43_17-STD-1_3_12_2_1107_5_2_43_166158//scans/6
/data/perlman/moochie/analysis/Broken-Arm-Study/proc/BAS001/Functionals/ses8 
/data/perlman/moochie/analysis/Broken-Arm-Study/proc/BAS001/Functionals/ses8/study7 /data/perlman/moochie/analysis/Broken-Arm-Study/proc/BAS001/Functionals/ses8 
   3 DICOM files found in /data/perlman/moochie/analysis/Broken-Arm-Study//orig_data/BAS001//21_12_11-11_43_17-STD-1_3_12_2_1107_5_2_43_166158//scans/7
/data/perlman/moochie/analysis/Broken-Arm-Study/proc/BAS001/Functionals/ses8 
/data/perlman/moochie/analysis/Broken-Arm-Study/proc/BAS001/Functionals/ses8/study8 /data/perlman/moochie/analysis/Broken-Arm-Study/proc/BAS001/Functionals/ses8 
   3 DICOM files found in /data/perlman/moochie/analysis/Broken-Arm-Study//orig_data/BAS001//21_12_11-11_43_17-STD-1_3_12_2_1107_5_2_43_166158//scans/8
/data/perlman/moochie/analysis/Broken-Arm-Study/proc/BAS001/Functionals/ses8 
/data/perlman/moochie/analysis/Broken-Arm-Study/proc/BAS001/Functionals/ses8/study9 /data/perlman/moochie/analysis/Broken-Arm-Study/proc/BAS001/Functionals/ses8 
   2 DICOM files found in /data/perlman/moochie/analysis/Broken-Arm-Study//orig_data/BAS001//21_12_11-11_43_17-STD-1_3_12_2_1107_5_2_43_166158//scans/9
/data/perlman/moochie/analysis/Broken-Arm-Study/proc/BAS001/Functionals/ses8 
1    fl2d1          Localizer                                             3
2    fl3d1_ns       AAHScout                                            128
3    fl3d1_ns       AAHScout_MPR_sag                                      5
4    fl3d1_ns       AAHScout_MPR_cor                                      3
5    fl3d1_ns       AAHScout_MPR_tra                                      3
6    fl2d1          Localizer_aligned                                     9
7    epse2d1_68     movie_fmap_1                                          3
8    epse2d1_68     movie_fmap_2                                          3
9    epfid2d3_68    movie_versionB_PA_SBRef                               2
10   epfid2d3_68    movie_versionB_PA                                  5115
/data/perlman/moochie/analysis/Broken-Arm-Study/code 
/data/perlman/moochie/analysis/Broken-Arm-Study/proc/BAS001/Functionals/ses9 /data/perlman/moochie/analysis/Broken-Arm-Study/code 
/data/perlman/moochie/analysis/Broken-Arm-Study/proc/BAS001/Functionals/ses9/study1 /data/perlman/moochie/analysis/Broken-Arm-Study/proc/BAS001/Functionals/ses9 
   3 DICOM files found in /data/perlman/moochie/analysis/Broken-Arm-Study//orig_data/BAS001//21_12_30-15_10_39-STD-1_3_12_2_1107_5_2_43_166158//scans/1
/data/perlman/moochie/analysis/Broken-Arm-Study/proc/BAS001/Functionals/ses9 
/data/perlman/moochie/analysis/Broken-Arm-Study/proc/BAS001/Functionals/ses9/study10 /data/perlman/moochie/analysis/Broken-Arm-Study/proc/BAS001/Functionals/ses9 
   2 DICOM files found in /data/perlman/moochie/analysis/Broken-Arm-Study//orig_data/BAS001//21_12_30-15_10_39-STD-1_3_12_2_1107_5_2_43_166158//scans/10
/data/perlman/moochie/analysis/Broken-Arm-Study/proc/BAS001/Functionals/ses9 
/data/perlman/moochie/analysis/Broken-Arm-Study/proc/BAS001/Functionals/ses9/study11 /data/perlman/moochie/analysis/Broken-Arm-Study/proc/BAS001/Functionals/ses9 
5115 DICOM files found in /data/perlman/moochie/analysis/Broken-Arm-Study//orig_data/BAS001//21_12_30-15_10_39-STD-1_3_12_2_1107_5_2_43_166158//scans/11
/data/perlman/moochie/analysis/Broken-Arm-Study/proc/BAS001/Functionals/ses9 
/data/perlman/moochie/analysis/Broken-Arm-Study/proc/BAS001/Functionals/ses9/study2 /data/perlman/moochie/analysis/Broken-Arm-Study/proc/BAS001/Functionals/ses9 
 128 DICOM files found in /data/perlman/moochie/analysis/Broken-Arm-Study//orig_data/BAS001//21_12_30-15_10_39-STD-1_3_12_2_1107_5_2_43_166158//scans/2
/data/perlman/moochie/analysis/Broken-Arm-Study/proc/BAS001/Functionals/ses9 
/data/perlman/moochie/analysis/Broken-Arm-Study/proc/BAS001/Functionals/ses9/study3 /data/perlman/moochie/analysis/Broken-Arm-Study/proc/BAS001/Functionals/ses9 
   5 DICOM files found in /data/perlman/moochie/analysis/Broken-Arm-Study//orig_data/BAS001//21_12_30-15_10_39-STD-1_3_12_2_1107_5_2_43_166158//scans/3
/data/perlman/moochie/analysis/Broken-Arm-Study/proc/BAS001/Functionals/ses9 
/data/perlman/moochie/analysis/Broken-Arm-Study/proc/BAS001/Functionals/ses9/study4 /data/perlman/moochie/analysis/Broken-Arm-Study/proc/BAS001/Functionals/ses9 
   3 DICOM files found in /data/perlman/moochie/analysis/Broken-Arm-Study//orig_data/BAS001//21_12_30-15_10_39-STD-1_3_12_2_1107_5_2_43_166158//scans/4
/data/perlman/moochie/analysis/Broken-Arm-Study/proc/BAS001/Functionals/ses9 
/data/perlman/moochie/analysis/Broken-Arm-Study/proc/BAS001/Functionals/ses9/study5 /data/perlman/moochie/analysis/Broken-Arm-Study/proc/BAS001/Functionals/ses9 
   3 DICOM files found in /data/perlman/moochie/analysis/Broken-Arm-Study//orig_data/BAS001//21_12_30-15_10_39-STD-1_3_12_2_1107_5_2_43_166158//scans/5
/data/perlman/moochie/analysis/Broken-Arm-Study/proc/BAS001/Functionals/ses9 
/data/perlman/moochie/analysis/Broken-Arm-Study/proc/BAS001/Functionals/ses9/study6 /data/perlman/moochie/analysis/Broken-Arm-Study/proc/BAS001/Functionals/ses9 
   9 DICOM files found in /data/perlman/moochie/analysis/Broken-Arm-Study//orig_data/BAS001//21_12_30-15_10_39-STD-1_3_12_2_1107_5_2_43_166158//scans/6
/data/perlman/moochie/analysis/Broken-Arm-Study/proc/BAS001/Functionals/ses9 
/data/perlman/moochie/analysis/Broken-Arm-Study/proc/BAS001/Functionals/ses9/study7 /data/perlman/moochie/analysis/Broken-Arm-Study/proc/BAS001/Functionals/ses9 
 208 DICOM files found in /data/perlman/moochie/analysis/Broken-Arm-Study//orig_data/BAS001//21_12_30-15_10_39-STD-1_3_12_2_1107_5_2_43_166158//scans/7
/data/perlman/moochie/analysis/Broken-Arm-Study/proc/BAS001/Functionals/ses9 
/data/perlman/moochie/analysis/Broken-Arm-Study/proc/BAS001/Functionals/ses9/study8 /data/perlman/moochie/analysis/Broken-Arm-Study/proc/BAS001/Functionals/ses9 
   3 DICOM files found in /data/perlman/moochie/analysis/Broken-Arm-Study//orig_data/BAS001//21_12_30-15_10_39-STD-1_3_12_2_1107_5_2_43_166158//scans/8
/data/perlman/moochie/analysis/Broken-Arm-Study/proc/BAS001/Functionals/ses9 
/data/perlman/moochie/analysis/Broken-Arm-Study/proc/BAS001/Functionals/ses9/study9 /data/perlman/moochie/analysis/Broken-Arm-Study/proc/BAS001/Functionals/ses9 
   3 DICOM files found in /data/perlman/moochie/analysis/Broken-Arm-Study//orig_data/BAS001//21_12_30-15_10_39-STD-1_3_12_2_1107_5_2_43_166158//scans/9
/data/perlman/moochie/analysis/Broken-Arm-Study/proc/BAS001/Functionals/ses9 
1    fl2d1          Localizer                                             3
2    fl3d1_ns       AAHScout                                            128
3    fl3d1_ns       AAHScout_MPR_sag                                      5
4    fl3d1_ns       AAHScout_MPR_cor                                      3
5    fl3d1_ns       AAHScout_MPR_tra                                      3
6    fl2d1          Localizer_aligned                                     9
7    tfl3d1_16ns    T1MPRAGECor                                         208
8    epse2d1_68     movie_fmap_1                                          3
9    epse2d1_68     movie_fmap_2                                          3
10   epfid2d3_68    movie_versionB_PA_SBRef                               2
11   epfid2d3_68    movie_versionB_PA                                  5115
/data/perlman/moochie/analysis/Broken-Arm-Study/code 
/data/perlman/moochie/analysis/Broken-Arm-Study/proc/BAS001/Functionals/ses10 /data/perlman/moochie/analysis/Broken-Arm-Study/code 
/data/perlman/moochie/analysis/Broken-Arm-Study/proc/BAS001/Functionals/ses10/study1 /data/perlman/moochie/analysis/Broken-Arm-Study/proc/BAS001/Functionals/ses10 
   3 DICOM files found in /data/perlman/moochie/analysis/Broken-Arm-Study//orig_data/BAS001//21_12_30-16_07_03-STD-1_3_12_2_1107_5_2_43_166158//scans/1
/data/perlman/moochie/analysis/Broken-Arm-Study/proc/BAS001/Functionals/ses10 
/data/perlman/moochie/analysis/Broken-Arm-Study/proc/BAS001/Functionals/ses10/study10 /data/perlman/moochie/analysis/Broken-Arm-Study/proc/BAS001/Functionals/ses10 
   3 DICOM files found in /data/perlman/moochie/analysis/Broken-Arm-Study//orig_data/BAS001//21_12_30-16_07_03-STD-1_3_12_2_1107_5_2_43_166158//scans/10
/data/perlman/moochie/analysis/Broken-Arm-Study/proc/BAS001/Functionals/ses10 
/data/perlman/moochie/analysis/Broken-Arm-Study/proc/BAS001/Functionals/ses10/study11 /data/perlman/moochie/analysis/Broken-Arm-Study/proc/BAS001/Functionals/ses10 
   2 DICOM files found in /data/perlman/moochie/analysis/Broken-Arm-Study//orig_data/BAS001//21_12_30-16_07_03-STD-1_3_12_2_1107_5_2_43_166158//scans/11
/data/perlman/moochie/analysis/Broken-Arm-Study/proc/BAS001/Functionals/ses10 
/data/perlman/moochie/analysis/Broken-Arm-Study/proc/BAS001/Functionals/ses10/study12 /data/perlman/moochie/analysis/Broken-Arm-Study/proc/BAS001/Functionals/ses10 
5115 DICOM files found in /data/perlman/moochie/analysis/Broken-Arm-Study//orig_data/BAS001//21_12_30-16_07_03-STD-1_3_12_2_1107_5_2_43_166158//scans/12
/data/perlman/moochie/analysis/Broken-Arm-Study/proc/BAS001/Functionals/ses10 
/data/perlman/moochie/analysis/Broken-Arm-Study/proc/BAS001/Functionals/ses10/study13 /data/perlman/moochie/analysis/Broken-Arm-Study/proc/BAS001/Functionals/ses10 
   5 DICOM files found in /data/perlman/moochie/analysis/Broken-Arm-Study//orig_data/BAS001//21_12_30-16_07_03-STD-1_3_12_2_1107_5_2_43_166158//scans/13
/data/perlman/moochie/analysis/Broken-Arm-Study/proc/BAS001/Functionals/ses10 
/data/perlman/moochie/analysis/Broken-Arm-Study/proc/BAS001/Functionals/ses10/study14 /data/perlman/moochie/analysis/Broken-Arm-Study/proc/BAS001/Functionals/ses10 
   5 DICOM files found in /data/perlman/moochie/analysis/Broken-Arm-Study//orig_data/BAS001//21_12_30-16_07_03-STD-1_3_12_2_1107_5_2_43_166158//scans/14
/data/perlman/moochie/analysis/Broken-Arm-Study/proc/BAS001/Functionals/ses10 
/data/perlman/moochie/analysis/Broken-Arm-Study/proc/BAS001/Functionals/ses10/study15 /data/perlman/moochie/analysis/Broken-Arm-Study/proc/BAS001/Functionals/ses10 
   1 DICOM files found in /data/perlman/moochie/analysis/Broken-Arm-Study//orig_data/BAS001//21_12_30-16_07_03-STD-1_3_12_2_1107_5_2_43_166158//scans/15
/data/perlman/moochie/analysis/Broken-Arm-Study/proc/BAS001/Functionals/ses10 
/data/perlman/moochie/analysis/Broken-Arm-Study/proc/BAS001/Functionals/ses10/study16 /data/perlman/moochie/analysis/Broken-Arm-Study/proc/BAS001/Functionals/ses10 
 205 DICOM files found in /data/perlman/moochie/analysis/Broken-Arm-Study//orig_data/BAS001//21_12_30-16_07_03-STD-1_3_12_2_1107_5_2_43_166158//scans/16
/data/perlman/moochie/analysis/Broken-Arm-Study/proc/BAS001/Functionals/ses10 
/data/perlman/moochie/analysis/Broken-Arm-Study/proc/BAS001/Functionals/ses10/study17 /data/perlman/moochie/analysis/Broken-Arm-Study/proc/BAS001/Functionals/ses10 
   1 DICOM files found in /data/perlman/moochie/analysis/Broken-Arm-Study//orig_data/BAS001//21_12_30-16_07_03-STD-1_3_12_2_1107_5_2_43_166158//scans/17
/data/perlman/moochie/analysis/Broken-Arm-Study/proc/BAS001/Functionals/ses10 
/data/perlman/moochie/analysis/Broken-Arm-Study/proc/BAS001/Functionals/ses10/study18 /data/perlman/moochie/analysis/Broken-Arm-Study/proc/BAS001/Functionals/ses10 
 205 DICOM files found in /data/perlman/moochie/analysis/Broken-Arm-Study//orig_data/BAS001//21_12_30-16_07_03-STD-1_3_12_2_1107_5_2_43_166158//scans/18
/data/perlman/moochie/analysis/Broken-Arm-Study/proc/BAS001/Functionals/ses10 
/data/perlman/moochie/analysis/Broken-Arm-Study/proc/BAS001/Functionals/ses10/study2 /data/perlman/moochie/analysis/Broken-Arm-Study/proc/BAS001/Functionals/ses10 
 128 DICOM files found in /data/perlman/moochie/analysis/Broken-Arm-Study//orig_data/BAS001//21_12_30-16_07_03-STD-1_3_12_2_1107_5_2_43_166158//scans/2
/data/perlman/moochie/analysis/Broken-Arm-Study/proc/BAS001/Functionals/ses10 
/data/perlman/moochie/analysis/Broken-Arm-Study/proc/BAS001/Functionals/ses10/study3 /data/perlman/moochie/analysis/Broken-Arm-Study/proc/BAS001/Functionals/ses10 
   5 DICOM files found in /data/perlman/moochie/analysis/Broken-Arm-Study//orig_data/BAS001//21_12_30-16_07_03-STD-1_3_12_2_1107_5_2_43_166158//scans/3
/data/perlman/moochie/analysis/Broken-Arm-Study/proc/BAS001/Functionals/ses10 
/data/perlman/moochie/analysis/Broken-Arm-Study/proc/BAS001/Functionals/ses10/study4 /data/perlman/moochie/analysis/Broken-Arm-Study/proc/BAS001/Functionals/ses10 
   3 DICOM files found in /data/perlman/moochie/analysis/Broken-Arm-Study//orig_data/BAS001//21_12_30-16_07_03-STD-1_3_12_2_1107_5_2_43_166158//scans/4
/data/perlman/moochie/analysis/Broken-Arm-Study/proc/BAS001/Functionals/ses10 
/data/perlman/moochie/analysis/Broken-Arm-Study/proc/BAS001/Functionals/ses10/study5 /data/perlman/moochie/analysis/Broken-Arm-Study/proc/BAS001/Functionals/ses10 
   3 DICOM files found in /data/perlman/moochie/analysis/Broken-Arm-Study//orig_data/BAS001//21_12_30-16_07_03-STD-1_3_12_2_1107_5_2_43_166158//scans/5
/data/perlman/moochie/analysis/Broken-Arm-Study/proc/BAS001/Functionals/ses10 
/data/perlman/moochie/analysis/Broken-Arm-Study/proc/BAS001/Functionals/ses10/study6 /data/perlman/moochie/analysis/Broken-Arm-Study/proc/BAS001/Functionals/ses10 
   9 DICOM files found in /data/perlman/moochie/analysis/Broken-Arm-Study//orig_data/BAS001//21_12_30-16_07_03-STD-1_3_12_2_1107_5_2_43_166158//scans/6
/data/perlman/moochie/analysis/Broken-Arm-Study/proc/BAS001/Functionals/ses10 
/data/perlman/moochie/analysis/Broken-Arm-Study/proc/BAS001/Functionals/ses10/study7 /data/perlman/moochie/analysis/Broken-Arm-Study/proc/BAS001/Functionals/ses10 
 208 DICOM files found in /data/perlman/moochie/analysis/Broken-Arm-Study//orig_data/BAS001//21_12_30-16_07_03-STD-1_3_12_2_1107_5_2_43_166158//scans/7
/data/perlman/moochie/analysis/Broken-Arm-Study/proc/BAS001/Functionals/ses10 
/data/perlman/moochie/analysis/Broken-Arm-Study/proc/BAS001/Functionals/ses10/study8 /data/perlman/moochie/analysis/Broken-Arm-Study/proc/BAS001/Functionals/ses10 
 208 DICOM files found in /data/perlman/moochie/analysis/Broken-Arm-Study//orig_data/BAS001//21_12_30-16_07_03-STD-1_3_12_2_1107_5_2_43_166158//scans/8
/data/perlman/moochie/analysis/Broken-Arm-Study/proc/BAS001/Functionals/ses10 
/data/perlman/moochie/analysis/Broken-Arm-Study/proc/BAS001/Functionals/ses10/study9 /data/perlman/moochie/analysis/Broken-Arm-Study/proc/BAS001/Functionals/ses10 
   3 DICOM files found in /data/perlman/moochie/analysis/Broken-Arm-Study//orig_data/BAS001//21_12_30-16_07_03-STD-1_3_12_2_1107_5_2_43_166158//scans/9
/data/perlman/moochie/analysis/Broken-Arm-Study/proc/BAS001/Functionals/ses10 
1    fl2d1          Localizer                                             3
2    fl3d1_ns       AAHScout                                            128
3    fl3d1_ns       AAHScout_MPR_sag                                      5
4    fl3d1_ns       AAHScout_MPR_cor                                      3
5    fl3d1_ns       AAHScout_MPR_tra                                      3
6    fl2d1          Localizer_aligned                                     9
7    spc_314ns      T2w_SPC                                             208
8    spc_314ns      T2w_SPC                                             208
9    epse2d1_68     movie_fmap_1                                          3
10   epse2d1_68     movie_fmap_2                                          3
11   epfid2d3_68    movie_versionB_PA_SBRef                               2
12   epfid2d3_68    movie_versionB_PA                                  5115
13   epse2d1_90     SpinEchoFieldMap_AP_2p6mm_56sl                        5
14   epse2d1_90     SpinEchoFieldMap_PA_2p6mm_56sl                        5
15   epfid2d1_90    MotorTaskRun1_fMRI_AP_2p6mm_MB4_tr1100_te33_SBRef     1
16   epfid2d1_90    MotorTaskRun1_fMRI_AP_2p6mm_MB4_tr1100_te33         205
17   epfid2d1_90    MotorTaskRun2_fMRI_AP_2p6mm_MB4_tr1100_te33_SBRef     1
18   epfid2d1_90    MotorTaskRun2_fMRI_AP_2p6mm_MB4_tr1100_te33         205
/data/perlman/moochie/analysis/Broken-Arm-Study/code 
