/data/perlman/moochie/analysis/Broken-Arm-Study/proc/BAS001 /data/perlman/moochie/analysis/Broken-Arm-Study/code 
/data/perlman/moochie/analysis/Broken-Arm-Study/proc/BAS001/T1 /data/perlman/moochie/analysis/Broken-Arm-Study/proc/BAS001 /data/perlman/moochie/analysis/Broken-Arm-Study/code 
$Id: ifh2hdr.c,v 1.3 2007/05/05 10:45:03 nicks Exp $
Sat Mar 12 00:22:14 2022
Writing: BAS001_mpr1.4dfp.hdr
Writing BAS001_mpr1.4dfp.img
Writing: BAS001_mpr1.4dfp.ifh
Writing BAS001_mpr1.4dfp.img.rec

$Id: ifh2hdr.c,v 1.3 2007/05/05 10:45:03 nicks Exp $
Sat Mar 12 00:22:15 2022
Writing: BAS001_mpr2.4dfp.hdr
Writing BAS001_mpr2.4dfp.img
Writing: BAS001_mpr2.4dfp.ifh
Writing BAS001_mpr2.4dfp.img.rec

$Id: ifh2hdr.c,v 1.3 2007/05/05 10:45:03 nicks Exp $
Sat Mar 12 00:22:16 2022
Writing: BAS001_mpr3.4dfp.hdr
Writing BAS001_mpr3.4dfp.img
Writing: BAS001_mpr3.4dfp.ifh
Writing BAS001_mpr3.4dfp.img.rec

$Id: ifh2hdr.c,v 1.3 2007/05/05 10:45:03 nicks Exp $
Sat Mar 12 00:22:17 2022
Writing: BAS001_mpr4.4dfp.hdr
Writing BAS001_mpr4.4dfp.img
Writing: BAS001_mpr4.4dfp.ifh
Writing BAS001_mpr4.4dfp.img.rec

$Id: ifh2hdr.c,v 1.3 2007/05/05 10:45:03 nicks Exp $
Sat Mar 12 00:22:18 2022
Writing: BAS001_mpr5.4dfp.hdr
Writing BAS001_mpr5.4dfp.img
Writing: BAS001_mpr5.4dfp.ifh
Writing BAS001_mpr5.4dfp.img.rec

$Id: ifh2hdr.c,v 1.3 2007/05/05 10:45:03 nicks Exp $
Sat Mar 12 00:22:19 2022
Writing: BAS001_mpr6.4dfp.hdr
Writing BAS001_mpr6.4dfp.img
Writing: BAS001_mpr6.4dfp.ifh
Writing BAS001_mpr6.4dfp.img.rec

/data/perlman/moochie/analysis/Broken-Arm-Study/proc/BAS001 /data/perlman/moochie/analysis/Broken-Arm-Study/code 
/data/perlman/moochie/analysis/Broken-Arm-Study/proc/BAS001/T2 /data/perlman/moochie/analysis/Broken-Arm-Study/proc/BAS001 /data/perlman/moochie/analysis/Broken-Arm-Study/code 
$Id: ifh2hdr.c,v 1.3 2007/05/05 10:45:03 nicks Exp $
Sat Mar 12 00:22:20 2022
Writing: BAS001_t2w1.4dfp.hdr
Writing BAS001_t2w1.4dfp.img
Writing: BAS001_t2w1.4dfp.ifh
Writing BAS001_t2w1.4dfp.img.rec

$Id: ifh2hdr.c,v 1.3 2007/05/05 10:45:03 nicks Exp $
Sat Mar 12 00:22:21 2022
Writing: BAS001_t2w2.4dfp.hdr
Writing BAS001_t2w2.4dfp.img
Writing: BAS001_t2w2.4dfp.ifh
Writing BAS001_t2w2.4dfp.img.rec

/data/perlman/moochie/analysis/Broken-Arm-Study/proc/BAS001 /data/perlman/moochie/analysis/Broken-Arm-Study/code 
/data/perlman/moochie/analysis/Broken-Arm-Study/code 
