/data/perlman/moochie/analysis/Broken-Arm-Study/proc/BAS001/T1 /data/perlman/moochie/analysis/Broken-Arm-Study/code 
Transform from Sagittal to Transverse
$Id: ifh2hdr.c,v 1.3 2007/05/05 10:45:03 nicks Exp $
Mon Mar 14 23:58:04 2022
Writing: BAS001_mpr1T.4dfp.hdr
$Id: S2T_4dfp.c,v 1.6 2007/08/31 05:03:24 avi Exp $
BAS001_mpr1
       240       256       208         1
  0.832031  0.832031  1.000000
orientation C byte_order littleendian
Reading: BAS001_mpr1.4dfp.img
Writing: BAS001_mpr1T.4dfp.img
Writing: BAS001_mpr1T.4dfp.ifh
ifh2hdr BAS001_mpr1T
including: BAS001_mpr1.4dfp.img.rec in BAS001_mpr1T.4dfp.img.rec
skip=0
$Id: nifti_4dfp.c,v 1.9 2011/09/13 03:40:37 avi Exp $
input:	104.000000	1.000000
input:	-100.675751	-0.832031
input:	-107.332001	-0.832031
common:	-1.000000	-0.000000	0.000000	104.000000
common:	-0.000000	-0.832031	0.000000	99.843720
common:	-0.000000	-0.000000	0.832031	-105.667938
out:	1.000000	0.000000	0.000000	-103.000000
out:	0.000000	0.832031	0.000000	-99.011692
out:	0.000000	0.000000	0.832031	-105.667938
flip	in	out
yes	208	208
yes	240	240
no	256	256
no	1	1
$Id: ifh2hdr.c,v 1.3 2007/05/05 10:45:03 nicks Exp $
Mon Mar 14 23:58:10 2022
Writing: BAS001_mpr2T.4dfp.hdr
$Id: S2T_4dfp.c,v 1.6 2007/08/31 05:03:24 avi Exp $
BAS001_mpr2
       240       256       208         1
  0.832031  0.832031  1.000000
orientation C byte_order littleendian
Reading: BAS001_mpr2.4dfp.img
Writing: BAS001_mpr2T.4dfp.img
Writing: BAS001_mpr2T.4dfp.ifh
ifh2hdr BAS001_mpr2T
including: BAS001_mpr2.4dfp.img.rec in BAS001_mpr2T.4dfp.img.rec
skip=0
$Id: nifti_4dfp.c,v 1.9 2011/09/13 03:40:37 avi Exp $
input:	104.000000	1.000000
input:	-100.675751	-0.832031
input:	-107.332001	-0.832031
common:	-1.000000	-0.000000	0.000000	104.000000
common:	-0.000000	-0.832031	0.000000	99.843720
common:	-0.000000	-0.000000	0.832031	-105.667938
out:	1.000000	0.000000	0.000000	-103.000000
out:	0.000000	0.832031	0.000000	-99.011692
out:	0.000000	0.000000	0.832031	-105.667938
flip	in	out
yes	208	208
yes	240	240
no	256	256
no	1	1
$Id: ifh2hdr.c,v 1.3 2007/05/05 10:45:03 nicks Exp $
Mon Mar 14 23:58:16 2022
Writing: BAS001_mpr3T.4dfp.hdr
$Id: S2T_4dfp.c,v 1.6 2007/08/31 05:03:24 avi Exp $
BAS001_mpr3
       240       256       208         1
  0.832031  0.832031  1.000000
orientation C byte_order littleendian
Reading: BAS001_mpr3.4dfp.img
Writing: BAS001_mpr3T.4dfp.img
Writing: BAS001_mpr3T.4dfp.ifh
ifh2hdr BAS001_mpr3T
including: BAS001_mpr3.4dfp.img.rec in BAS001_mpr3T.4dfp.img.rec
skip=0
$Id: nifti_4dfp.c,v 1.9 2011/09/13 03:40:37 avi Exp $
input:	104.000000	1.000000
input:	-100.675751	-0.832031
input:	-107.332001	-0.832031
common:	-1.000000	-0.000000	0.000000	104.000000
common:	-0.000000	-0.832031	0.000000	99.843720
common:	-0.000000	-0.000000	0.832031	-105.667938
out:	1.000000	0.000000	0.000000	-103.000000
out:	0.000000	0.832031	0.000000	-99.011692
out:	0.000000	0.000000	0.832031	-105.667938
flip	in	out
yes	208	208
yes	240	240
no	256	256
no	1	1
$Id: ifh2hdr.c,v 1.3 2007/05/05 10:45:03 nicks Exp $
Mon Mar 14 23:58:21 2022
Writing: BAS001_mpr4T.4dfp.hdr
$Id: S2T_4dfp.c,v 1.6 2007/08/31 05:03:24 avi Exp $
BAS001_mpr4
       240       256       208         1
  0.832031  0.832031  1.000000
orientation C byte_order littleendian
Reading: BAS001_mpr4.4dfp.img
Writing: BAS001_mpr4T.4dfp.img
Writing: BAS001_mpr4T.4dfp.ifh
ifh2hdr BAS001_mpr4T
including: BAS001_mpr4.4dfp.img.rec in BAS001_mpr4T.4dfp.img.rec
skip=0
$Id: nifti_4dfp.c,v 1.9 2011/09/13 03:40:37 avi Exp $
input:	104.000000	1.000000
input:	-100.675751	-0.832031
input:	-107.332001	-0.832031
common:	-1.000000	-0.000000	0.000000	104.000000
common:	-0.000000	-0.832031	0.000000	99.843720
common:	-0.000000	-0.000000	0.832031	-105.667938
out:	1.000000	0.000000	0.000000	-103.000000
out:	0.000000	0.832031	0.000000	-99.011692
out:	0.000000	0.000000	0.832031	-105.667938
flip	in	out
yes	208	208
yes	240	240
no	256	256
no	1	1
$Id: ifh2hdr.c,v 1.3 2007/05/05 10:45:03 nicks Exp $
Mon Mar 14 23:58:27 2022
Writing: BAS001_mpr5T.4dfp.hdr
$Id: S2T_4dfp.c,v 1.6 2007/08/31 05:03:24 avi Exp $
BAS001_mpr5
       240       256       208         1
  0.832031  0.832031  1.000000
orientation C byte_order littleendian
Reading: BAS001_mpr5.4dfp.img
Writing: BAS001_mpr5T.4dfp.img
Writing: BAS001_mpr5T.4dfp.ifh
ifh2hdr BAS001_mpr5T
including: BAS001_mpr5.4dfp.img.rec in BAS001_mpr5T.4dfp.img.rec
skip=0
$Id: nifti_4dfp.c,v 1.9 2011/09/13 03:40:37 avi Exp $
input:	104.000000	1.000000
input:	-100.675751	-0.832031
input:	-107.332001	-0.832031
common:	-1.000000	-0.000000	0.000000	104.000000
common:	-0.000000	-0.832031	0.000000	99.843720
common:	-0.000000	-0.000000	0.832031	-105.667938
out:	1.000000	0.000000	0.000000	-103.000000
out:	0.000000	0.832031	0.000000	-99.011692
out:	0.000000	0.000000	0.832031	-105.667938
flip	in	out
yes	208	208
yes	240	240
no	256	256
no	1	1
$Id: ifh2hdr.c,v 1.3 2007/05/05 10:45:03 nicks Exp $
Mon Mar 14 23:58:33 2022
Writing: BAS001_mpr6T.4dfp.hdr
$Id: S2T_4dfp.c,v 1.6 2007/08/31 05:03:24 avi Exp $
BAS001_mpr6
       240       256       208         1
  0.832031  0.832031  1.000000
orientation C byte_order littleendian
Reading: BAS001_mpr6.4dfp.img
Writing: BAS001_mpr6T.4dfp.img
Writing: BAS001_mpr6T.4dfp.ifh
ifh2hdr BAS001_mpr6T
including: BAS001_mpr6.4dfp.img.rec in BAS001_mpr6T.4dfp.img.rec
skip=0
$Id: nifti_4dfp.c,v 1.9 2011/09/13 03:40:37 avi Exp $
input:	104.000000	1.000000
input:	-100.675751	-0.832031
input:	-107.332001	-0.832031
common:	-1.000000	-0.000000	0.000000	104.000000
common:	-0.000000	-0.832031	0.000000	99.843720
common:	-0.000000	-0.000000	0.832031	-105.667938
out:	1.000000	0.000000	0.000000	-103.000000
out:	0.000000	0.832031	0.000000	-99.011692
out:	0.000000	0.000000	0.832031	-105.667938
flip	in	out
yes	208	208
yes	240	240
no	256	256
no	1	1
Debias and convert back to 4dfp
apply_debias.csh BAS001_mpr1T
Starting Single Image Segmentation
T1-weighted image
Imagesize : 208 x 240 x 256
Pixelsize : 1 x 0.832031 x 0.832031

skip=0
BAS001_mpr1T_debias.nii not found
apply_debias.csh BAS001_mpr2T
Starting Single Image Segmentation
T1-weighted image
Imagesize : 208 x 240 x 256
Pixelsize : 1 x 0.832031 x 0.832031

skip=0
BAS001_mpr2T_debias.nii not found
apply_debias.csh BAS001_mpr3T
Starting Single Image Segmentation
T1-weighted image
Imagesize : 208 x 240 x 256
Pixelsize : 1 x 0.832031 x 0.832031

skip=0
BAS001_mpr3T_debias.nii not found
apply_debias.csh BAS001_mpr4T
Starting Single Image Segmentation
T1-weighted image
Imagesize : 208 x 240 x 256
Pixelsize : 1 x 0.832031 x 0.832031

skip=0
BAS001_mpr4T_debias.nii not found
apply_debias.csh BAS001_mpr5T
Starting Single Image Segmentation
T1-weighted image
Imagesize : 208 x 240 x 256
Pixelsize : 1 x 0.832031 x 0.832031

skip=0
BAS001_mpr5T_debias.nii not found
apply_debias.csh BAS001_mpr6T
Starting Single Image Segmentation
T1-weighted image
Imagesize : 208 x 240 x 256
Pixelsize : 1 x 0.832031 x 0.832031

skip=0
BAS001_mpr6T_debias.nii not found
Mask first T1 for registration
bet2 BAS001_mpr1T_debias BAS001_mpr1T_debias_bet
skip=0
BAS001_mpr1T_debias_bet.nii not found
atlas target is TRIO_Y_NDC
looking for BAS001_mpr1T_debias
BAS001_mpr1T_debias not found
$Id: t4imgs_4dfp.c,v 1.3 2010/02/27 01:41:53 nicks Exp $
$Id: nifti_4dfp.c,v 1.9 2011/09/13 03:40:37 avi Exp $
